{
  "RSpec": {
    "coverage": {
      "/Users/apprentice/GOLDENSASQUATCHES/sautee-seattle/Sautee-Seattle/app/controllers/users_controller.rb": [
        1,
        1,
        0,
        null,
        null,
        1,
        7,
        null,
        7,
        5,
        5,
        null,
        2,
        2,
        null,
        null,
        null,
        1,
        2,
        2,
        null,
        null,
        1,
        null,
        1,
        7,
        null,
        null
      ],
      "/Users/apprentice/GOLDENSASQUATCHES/sautee-seattle/Sautee-Seattle/app/controllers/application_controller.rb": [
        1,
        1,
        null
      ],
      "/Users/apprentice/GOLDENSASQUATCHES/sautee-seattle/Sautee-Seattle/app/models/user.rb": [
        1,
        1,
        1,
        1,
        null
      ]
    },
    "timestamp": 1509149108
  }
}
