{
  "RSpec": {
    "coverage": {
      "/Users/apprentice/Desktop/nickspicks/Sautee-Seattle/app/controllers/sessions_controller.rb": [
        1,
        1,
        null,
        null,
        1,
        2,
        2,
        1,
        1,
        null,
        1,
        null,
        null,
        null,
        1,
        1,
        1,
        null,
        null
      ],
      "/Users/apprentice/Desktop/nickspicks/Sautee-Seattle/app/controllers/application_controller.rb": [
        1,
        1,
        null
      ],
      "/Users/apprentice/Desktop/nickspicks/Sautee-Seattle/app/models/user.rb": [
        1,
        1,
        1,
        1,
        null
      ],
      "/Users/apprentice/Desktop/nickspicks/Sautee-Seattle/app/controllers/templates_controller.rb": [
        0,
        0,
        0,
        null,
        0,
        0,
        0
      ],
      "/Users/apprentice/Desktop/nickspicks/Sautee-Seattle/app/controllers/users_controller.rb": [
        0,
        0,
        0,
        0,
        0,
        null,
        0,
        0,
        0,
        0,
        0
      ]
    },
    "timestamp": 1509148370
  }
}
